<?xml version="1.0" encoding="UTF-8"?>
<testsuite name="TestCalculateScores" tests="5" skipped="0" failures="0" errors="0" timestamp="2018-06-11T22:11:02" hostname="DESKTOP-F0E0NGE" time="0.006">
  <properties/>
  <testcase name="calculateScores_Word_Score1" classname="TestCalculateScores" time="0.004"/>
  <testcase name="calculateScores_Word_Score4" classname="TestCalculateScores" time="0.0"/>
  <testcase name="calculateScores_Word_Score7" classname="TestCalculateScores" time="0.0"/>
  <testcase name="calculateScores_NullSet_EmptyResult" classname="TestCalculateScores" time="0.0"/>
  <testcase name="calculateScores_EmpySet_EmptyResult" classname="TestCalculateScores" time="0.0"/>
  <system-out><![CDATA[]]></system-out>
  <system-err><![CDATA[]]></system-err>
</testsuite>
