<?xml version="1.0" encoding="UTF-8"?>
<testsuite name="TestReadFile" tests="2" skipped="0" failures="0" errors="0" timestamp="2018-06-11T22:11:02" hostname="DESKTOP-F0E0NGE" time="0.249">
  <properties/>
  <testcase name="ReadFile_Sentences_Empty" classname="TestReadFile" time="0.016"/>
  <testcase name="ReadFile_Sentences_LoadOne" classname="TestReadFile" time="0.233"/>
  <system-out><![CDATA[]]></system-out>
  <system-err><![CDATA[]]></system-err>
</testsuite>
