<?xml version="1.0" encoding="UTF-8"?>
<testsuite name="TestSentences" tests="4" skipped="0" failures="0" errors="0" timestamp="2018-06-11T15:18:10" hostname="DESKTOP-F0E0NGE" time="0.013">
  <properties/>
  <testcase name="ReturnSentencesFromStringList_WrongFormat_EmptyList" classname="TestSentences" time="0.006"/>
  <testcase name="ReturnSentencesFromStringList_WrongRangeGreaterThan2InFirst_EmptyList" classname="TestSentences" time="0.001"/>
  <testcase name="ReturnSentencesFromStringList_2Webdevelopment_ScoresAndTextsOK" classname="TestSentences" time="0.002"/>
  <testcase name="ReturnSentencesFromStringList_WrongRangeLesserThan2InFirst_EmptyList" classname="TestSentences" time="0.001"/>
  <system-out><![CDATA[]]></system-out>
  <system-err><![CDATA[]]></system-err>
</testsuite>
