<?xml version="1.0" encoding="UTF-8"?>
<testsuite name="TestWord" tests="11" skipped="0" failures="0" errors="0" timestamp="2018-06-11T15:18:10" hostname="DESKTOP-F0E0NGE" time="0.039">
  <properties/>
  <testcase name="allWords_Word_web_Count_10" classname="TestWord" time="0.001"/>
  <testcase name="allWords_FullText_Word_it_Count_Score_1" classname="TestWord" time="0.001"/>
  <testcase name="allWords_FullText_Word_the_Count_CalculateScore_1" classname="TestWord" time="0.001"/>
  <testcase name="allWords_Web_Count_1" classname="TestWord" time="0.003"/>
  <testcase name="allWords_Word_web_Total_4" classname="TestWord" time="0.0"/>
  <testcase name="allWords_FullText_Word_it_Count_Total_2" classname="TestWord" time="0.002"/>
  <testcase name="allWords_Word_as_Count_Score_2" classname="TestWord" time="0.001"/>
  <testcase name="allWords_FullText_Word_it_Count_CalculateScore_0" classname="TestWord" time="0.006"/>
  <testcase name="allWords_FullText_Word_indie_Count_CalculateScore_025" classname="TestWord" time="0.004"/>
  <testcase name="allWords_Word_web_Count_2" classname="TestWord" time="0.001"/>
  <testcase name="allWords_Word_as_Count_Total_4" classname="TestWord" time="0.004"/>
  <system-out><![CDATA[]]></system-out>
  <system-err><![CDATA[]]></system-err>
</testsuite>
